<?xml version="1.0" encoding="UTF-8"?>
<coverage generated="1534526151">
  <project timestamp="1534526151">
    <package name="opencode506\Faktur">
      <file name="/lxcshared/simple/Faktur-PHP-SDK.git/src/Common.php">
        <class name="Common" namespace="opencode506\Faktur">
          <metrics complexity="13" methods="2" coveredmethods="1" conditionals="0" coveredconditionals="0" statements="38" coveredstatements="34" elements="40" coveredelements="35"/>
        </class>
        <line num="23" type="method" name="__construct" visibility="public" complexity="1" crap="1" count="2"/>
        <line num="25" type="stmt" count="2"/>
        <line num="26" type="stmt" count="2"/>
        <line num="37" type="method" name="token" visibility="public" complexity="12" crap="12.20" count="2"/>
        <line num="47" type="stmt" count="2"/>
        <line num="50" type="stmt" count="2"/>
        <line num="54" type="stmt" count="2"/>
        <line num="55" type="stmt" count="2"/>
        <line num="56" type="stmt" count="2"/>
        <line num="57" type="stmt" count="2"/>
        <line num="58" type="stmt" count="2"/>
        <line num="59" type="stmt" count="2"/>
        <line num="62" type="stmt" count="2"/>
        <line num="63" type="stmt" count="1"/>
        <line num="64" type="stmt" count="1"/>
        <line num="65" type="stmt" count="1"/>
        <line num="68" type="stmt" count="2"/>
        <line num="69" type="stmt" count="2"/>
        <line num="70" type="stmt" count="2"/>
        <line num="71" type="stmt" count="2"/>
        <line num="72" type="stmt" count="2"/>
        <line num="73" type="stmt" count="2"/>
        <line num="74" type="stmt" count="2"/>
        <line num="75" type="stmt" count="2"/>
        <line num="76" type="stmt" count="2"/>
        <line num="77" type="stmt" count="2"/>
        <line num="78" type="stmt" count="2"/>
        <line num="79" type="stmt" count="2"/>
        <line num="82" type="stmt" count="2"/>
        <line num="83" type="stmt" count="2"/>
        <line num="84" type="stmt" count="2"/>
        <line num="85" type="stmt" count="2"/>
        <line num="88" type="stmt" count="2"/>
        <line num="90" type="stmt" count="0"/>
        <line num="92" type="stmt" count="0"/>
        <line num="96" type="stmt" count="2"/>
        <line num="97" type="stmt" count="2"/>
        <line num="98" type="stmt" count="2"/>
        <line num="101" type="stmt" count="0"/>
        <line num="102" type="stmt" count="0"/>
        <metrics loc="106" ncloc="75" classes="1" methods="2" coveredmethods="1" conditionals="0" coveredconditionals="0" statements="38" coveredstatements="34" elements="40" coveredelements="35"/>
      </file>
      <file name="/lxcshared/simple/Faktur-PHP-SDK.git/src/Helpers.php">
        <class name="Helpers" namespace="opencode506\Faktur">
          <metrics complexity="3" methods="1" coveredmethods="0" conditionals="0" coveredconditionals="0" statements="7" coveredstatements="4" elements="8" coveredelements="4"/>
        </class>
        <line num="13" type="method" name="get_headers_from_curl_response" visibility="public" complexity="3" crap="3.71" count="2"/>
        <line num="15" type="stmt" count="2"/>
        <line num="16" type="stmt" count="2"/>
        <line num="18" type="stmt" count="2"/>
        <line num="19" type="stmt" count="2"/>
        <line num="21" type="stmt" count="0"/>
        <line num="22" type="stmt" count="0"/>
        <line num="24" type="stmt" count="0"/>
        <metrics loc="26" ncloc="20" classes="1" methods="1" coveredmethods="0" conditionals="0" coveredconditionals="0" statements="7" coveredstatements="4" elements="8" coveredelements="4"/>
      </file>
    </package>
    <metrics files="2" loc="132" ncloc="95" classes="2" methods="3" coveredmethods="1" conditionals="0" coveredconditionals="0" statements="45" coveredstatements="38" elements="48" coveredelements="39"/>
  </project>
</coverage>
